/home/alepot55/.local/lib/python3.12/site-packages/pandas/core/arrays/masked.py:61: UserWarning: Pandas requires version '1.3.6' or newer of 'bottleneck' (version '1.3.5' currently installed).
  from pandas.core import (
  [  1/175] total=  21  new_rows= 21  ETA= 3.6 min  (remote sensing × illegal waste × detection)
  [  2/175] total=   6  new_rows=  6  ETA= 3.4 min  (remote sensing × illegal waste × classification)
  [  3/175] total=   3  new_rows=  3  ETA= 3.1 min  (remote sensing × illegal waste × segmentation)
  [  4/175] total=   4  new_rows=  4  ETA= 3.4 min  (remote sensing × illegal waste × mapping)
  [  5/175] total=  16  new_rows= 16  ETA= 3.6 min  (remote sensing × illegal waste × monitoring)
  [  6/175] total= 105  new_rows=105  ETA= 5.6 min  (remote sensing × landfill × detection)
  [  7/175] total=  39  new_rows= 39  ETA= 5.6 min  (remote sensing × landfill × classification)
  [  8/175] total=  15  new_rows= 15  ETA= 5.5 min  (remote sensing × landfill × segmentation)
  [  9/175] total=  61  new_rows= 61  ETA= 5.9 min  (remote sensing × landfill × mapping)
  [ 10/175] total= 165  new_rows=165  ETA= 7.5 min  (remote sensing × landfill × monitoring)
  [ 11/175] total=  18  new_rows= 18  ETA= 7.1 min  (remote sensing × dumping site × detection)
  [ 12/175] total=   2  new_rows=  2  ETA= 6.7 min  (remote sensing × dumping site × classification)
  [ 13/175] total=   1  new_rows=  1  ETA= 6.4 min  (remote sensing × dumping site × segmentation)
  [ 14/175] total=   5  new_rows=  5  ETA= 6.1 min  (remote sensing × dumping site × mapping)
  [ 15/175] total=  19  new_rows= 19  ETA= 5.8 min  (remote sensing × dumping site × monitoring)
  [ 16/175] total=  93  new_rows= 93  ETA= 6.3 min  (remote sensing × solid waste × detection)
  [ 17/175] total=  46  new_rows= 46  ETA= 6.3 min  (remote sensing × solid waste × classification)
  [ 18/175] total=  10  new_rows= 10  ETA= 6.1 min  (remote sensing × solid waste × segmentation)
  [ 19/175] total=  48  new_rows= 48  ETA= 6.2 min  (remote sensing × solid waste × mapping)
  [ 20/175] total= 158  new_rows=158  ETA= 7.0 min  (remote sensing × solid waste × monitoring)
  [ 21/175] total=  35  new_rows= 35  ETA= 7.1 min  (remote sensing × waste detection × detection)
  [ 22/175] total=  10  new_rows= 10  ETA= 6.9 min  (remote sensing × waste detection × classification)
  [ 23/175] total=   6  new_rows=  6  ETA= 6.6 min  (remote sensing × waste detection × segmentation)
  [ 24/175] total=   3  new_rows=  3  ETA= 6.4 min  (remote sensing × waste detection × mapping)
  [ 25/175] total=  20  new_rows= 20  ETA= 6.2 min  (remote sensing × waste detection × monitoring)
  [ 26/175] total=   8  new_rows=  8  ETA= 6.0 min  (satellite imagery × illegal waste × detection)
  [ 27/175] total=   1  new_rows=  1  ETA= 5.9 min  (satellite imagery × illegal waste × classification)
  [ 28/175] total=   2  new_rows=  2  ETA= 5.7 min  (satellite imagery × illegal waste × segmentation)
  [ 29/175] total=   3  new_rows=  3  ETA= 5.5 min  (satellite imagery × illegal waste × mapping)
  [ 30/175] total=   8  new_rows=  8  ETA= 5.4 min  (satellite imagery × illegal waste × monitoring)
  [ 31/175] total=  37  new_rows= 37  ETA= 5.4 min  (satellite imagery × landfill × detection)
  [ 32/175] total=  13  new_rows= 13  ETA= 5.2 min  (satellite imagery × landfill × classification)
  [ 33/175] total=   6  new_rows=  6  ETA= 5.1 min  (satellite imagery × landfill × segmentation)
  [ 34/175] total=  29  new_rows= 29  ETA= 5.1 min  (satellite imagery × landfill × mapping)
  [ 35/175] total=  54  new_rows= 54  ETA= 5.1 min  (satellite imagery × landfill × monitoring)
  [ 36/175] total=  10  new_rows= 10  ETA= 5.0 min  (satellite imagery × dumping site × detection)
  [ 37/175] total=   3  new_rows=  3  ETA= 4.9 min  (satellite imagery × dumping site × classification)
  [ 38/175] total=   1  new_rows=  1  ETA= 4.8 min  (satellite imagery × dumping site × segmentation)
  [ 39/175] total=   5  new_rows=  5  ETA= 4.7 min  (satellite imagery × dumping site × mapping)
  [ 40/175] total=  11  new_rows= 11  ETA= 4.6 min  (satellite imagery × dumping site × monitoring)
  [ 41/175] total=  31  new_rows= 31  ETA= 4.6 min  (satellite imagery × solid waste × detection)
  [ 42/175] total=  13  new_rows= 13  ETA= 4.5 min  (satellite imagery × solid waste × classification)
  [ 43/175] total=   4  new_rows=  4  ETA= 4.5 min  (satellite imagery × solid waste × segmentation)
  [ 44/175] total=  19  new_rows= 19  ETA= 4.4 min  (satellite imagery × solid waste × mapping)
  [ 45/175] total=  62  new_rows= 62  ETA= 4.5 min  (satellite imagery × solid waste × monitoring)
  [ 46/175] total=  15  new_rows= 15  ETA= 4.4 min  (satellite imagery × waste detection × detection)
  [ 47/175] total=   7  new_rows=  7  ETA= 4.4 min  (satellite imagery × waste detection × classification)
  [ 48/175] total=   4  new_rows=  4  ETA= 4.3 min  (satellite imagery × waste detection × segmentation)
  [ 49/175] total=   3  new_rows=  3  ETA= 4.2 min  (satellite imagery × waste detection × mapping)
  [ 50/175] total=   9  new_rows=  9  ETA= 4.1 min  (satellite imagery × waste detection × monitoring)
  [ 51/175] total=   0  new_rows=  0  ETA= 4.0 min  (aerial imagery × illegal waste × detection)
  [ 52/175] total=   0  new_rows=  0  ETA= 4.0 min  (aerial imagery × illegal waste × classification)
  [ 53/175] total=   0  new_rows=  0  ETA= 3.9 min  (aerial imagery × illegal waste × segmentation)
  [ 54/175] total=   0  new_rows=  0  ETA= 3.8 min  (aerial imagery × illegal waste × mapping)
  [ 55/175] total=   0  new_rows=  0  ETA= 3.7 min  (aerial imagery × illegal waste × monitoring)
  [ 56/175] total=   2  new_rows=  2  ETA= 3.7 min  (aerial imagery × landfill × detection)
  [ 57/175] total=   3  new_rows=  3  ETA= 3.6 min  (aerial imagery × landfill × classification)
  [ 58/175] total=   2  new_rows=  2  ETA= 3.5 min  (aerial imagery × landfill × segmentation)
  [ 59/175] total=   0  new_rows=  0  ETA= 3.5 min  (aerial imagery × landfill × mapping)
  [ 60/175] total=   6  new_rows=  6  ETA= 3.4 min  (aerial imagery × landfill × monitoring)
  [ 61/175] total=   0  new_rows=  0  ETA= 3.4 min  (aerial imagery × dumping site × detection)
  [ 62/175] total=   0  new_rows=  0  ETA= 3.3 min  (aerial imagery × dumping site × classification)
  [ 63/175] total=   0  new_rows=  0  ETA= 3.2 min  (aerial imagery × dumping site × segmentation)
  [ 64/175] total=   0  new_rows=  0  ETA= 3.2 min  (aerial imagery × dumping site × mapping)
  [ 65/175] total=   0  new_rows=  0  ETA= 3.1 min  (aerial imagery × dumping site × monitoring)
  [ 66/175] total=   1  new_rows=  1  ETA= 3.1 min  (aerial imagery × solid waste × detection)
  [ 67/175] total=   1  new_rows=  1  ETA= 3.0 min  (aerial imagery × solid waste × classification)
  [ 68/175] total=   0  new_rows=  0  ETA= 3.0 min  (aerial imagery × solid waste × segmentation)
  [ 69/175] total=   1  new_rows=  1  ETA= 2.9 min  (aerial imagery × solid waste × mapping)
  [ 70/175] total=   4  new_rows=  4  ETA= 2.9 min  (aerial imagery × solid waste × monitoring)
  [ 71/175] total=   3  new_rows=  3  ETA= 2.8 min  (aerial imagery × waste detection × detection)
  [ 72/175] total=   3  new_rows=  3  ETA= 2.8 min  (aerial imagery × waste detection × classification)
  [ 73/175] total=   2  new_rows=  2  ETA= 2.7 min  (aerial imagery × waste detection × segmentation)
  [ 74/175] total=   0  new_rows=  0  ETA= 2.7 min  (aerial imagery × waste detection × mapping)
  [ 75/175] total=   1  new_rows=  1  ETA= 2.6 min  (aerial imagery × waste detection × monitoring)
  [ 76/175] total=   2  new_rows=  2  ETA= 2.6 min  (multispectral × illegal waste × detection)
  [ 77/175] total=   1  new_rows=  1  ETA= 2.6 min  (multispectral × illegal waste × classification)
  [ 78/175] total=   1  new_rows=  1  ETA= 2.5 min  (multispectral × illegal waste × segmentation)
  [ 79/175] total=   1  new_rows=  1  ETA= 2.5 min  (multispectral × illegal waste × mapping)
  [ 80/175] total=   1  new_rows=  1  ETA= 2.4 min  (multispectral × illegal waste × monitoring)
  [ 81/175] total=  22  new_rows= 22  ETA= 2.4 min  (multispectral × landfill × detection)
  [ 82/175] total=   9  new_rows=  9  ETA= 2.4 min  (multispectral × landfill × classification)
  [ 83/175] total=   2  new_rows=  2  ETA= 2.4 min  (multispectral × landfill × segmentation)
  [ 84/175] total=   9  new_rows=  9  ETA= 2.3 min  (multispectral × landfill × mapping)
  [ 85/175] total=  25  new_rows= 25  ETA= 2.3 min  (multispectral × landfill × monitoring)
  [ 86/175] total=   4  new_rows=  4  ETA= 2.3 min  (multispectral × dumping site × detection)
  [ 87/175] total=   2  new_rows=  2  ETA= 2.2 min  (multispectral × dumping site × classification)
  [ 88/175] total=   1  new_rows=  1  ETA= 2.2 min  (multispectral × dumping site × segmentation)
  [ 89/175] total=   0  new_rows=  0  ETA= 2.2 min  (multispectral × dumping site × mapping)
  [ 90/175] total=   2  new_rows=  2  ETA= 2.1 min  (multispectral × dumping site × monitoring)
  [ 91/175] total=  10  new_rows= 10  ETA= 2.1 min  (multispectral × solid waste × detection)
  [ 92/175] total=  12  new_rows= 12  ETA= 2.1 min  (multispectral × solid waste × classification)
  [ 93/175] total=   3  new_rows=  3  ETA= 2.0 min  (multispectral × solid waste × segmentation)
  [ 94/175] total=   4  new_rows=  4  ETA= 2.0 min  (multispectral × solid waste × mapping)
  [ 95/175] total=  14  new_rows= 14  ETA= 2.0 min  (multispectral × solid waste × monitoring)
  [ 96/175] total=   6  new_rows=  6  ETA= 2.0 min  (multispectral × waste detection × detection)
  [ 97/175] total=   3  new_rows=  3  ETA= 1.9 min  (multispectral × waste detection × classification)
  [ 98/175] total=   3  new_rows=  3  ETA= 1.9 min  (multispectral × waste detection × segmentation)
  [ 99/175] total=   1  new_rows=  1  ETA= 1.9 min  (multispectral × waste detection × mapping)
  [100/175] total=   1  new_rows=  1  ETA= 1.8 min  (multispectral × waste detection × monitoring)
  [101/175] total=   0  new_rows=  0  ETA= 1.8 min  (hyperspectral × illegal waste × detection)
  [102/175] total=   0  new_rows=  0  ETA= 1.8 min  (hyperspectral × illegal waste × classification)
  [103/175] total=   0  new_rows=  0  ETA= 1.7 min  (hyperspectral × illegal waste × segmentation)
  [104/175] total=   0  new_rows=  0  ETA= 1.7 min  (hyperspectral × illegal waste × mapping)
  [105/175] total=   0  new_rows=  0  ETA= 1.7 min  (hyperspectral × illegal waste × monitoring)
  [106/175] total=  27  new_rows= 27  ETA= 1.6 min  (hyperspectral × landfill × detection)
  [107/175] total=  13  new_rows= 13  ETA= 1.6 min  (hyperspectral × landfill × classification)
  [108/175] total=   4  new_rows=  4  ETA= 1.6 min  (hyperspectral × landfill × segmentation)
  [109/175] total=   5  new_rows=  5  ETA= 1.6 min  (hyperspectral × landfill × mapping)
  [110/175] total=  30  new_rows= 30  ETA= 1.5 min  (hyperspectral × landfill × monitoring)
  [111/175] total=   0  new_rows=  0  ETA= 1.5 min  (hyperspectral × dumping site × detection)
  [112/175] total=   0  new_rows=  0  ETA= 1.5 min  (hyperspectral × dumping site × classification)
  [113/175] total=   0  new_rows=  0  ETA= 1.5 min  (hyperspectral × dumping site × segmentation)
  [114/175] total=   0  new_rows=  0  ETA= 1.5 min  (hyperspectral × dumping site × mapping)
  [115/175] total=   0  new_rows=  0  ETA= 1.4 min  (hyperspectral × dumping site × monitoring)
  [116/175] total=  22  new_rows= 22  ETA= 1.4 min  (hyperspectral × solid waste × detection)
  [117/175] total=  22  new_rows= 22  ETA= 1.4 min  (hyperspectral × solid waste × classification)
  [118/175] total=   2  new_rows=  2  ETA= 1.3 min  (hyperspectral × solid waste × segmentation)
  [119/175] total=   2  new_rows=  2  ETA= 1.3 min  (hyperspectral × solid waste × mapping)
  [120/175] total=  19  new_rows= 19  ETA= 1.3 min  (hyperspectral × solid waste × monitoring)
  [121/175] total=  12  new_rows= 12  ETA= 1.3 min  (hyperspectral × waste detection × detection)
  [122/175] total=   5  new_rows=  5  ETA= 1.2 min  (hyperspectral × waste detection × classification)
  [123/175] total=   1  new_rows=  1  ETA= 1.2 min  (hyperspectral × waste detection × segmentation)
  [124/175] total=   1  new_rows=  1  ETA= 1.2 min  (hyperspectral × waste detection × mapping)
  [125/175] total=   4  new_rows=  4  ETA= 1.2 min  (hyperspectral × waste detection × monitoring)
  [126/175] total=   4  new_rows=  4  ETA= 1.1 min  (UAV × illegal waste × detection)
  [127/175] total=   1  new_rows=  1  ETA= 1.1 min  (UAV × illegal waste × classification)
  [128/175] total=   0  new_rows=  0  ETA= 1.1 min  (UAV × illegal waste × segmentation)
  [129/175] total=   0  new_rows=  0  ETA= 1.1 min  (UAV × illegal waste × mapping)
  [130/175] total=   3  new_rows=  3  ETA= 1.0 min  (UAV × illegal waste × monitoring)
  [131/175] total=  32  new_rows= 32  ETA= 1.0 min  (UAV × landfill × detection)
  [132/175] total=   6  new_rows=  6  ETA= 1.0 min  (UAV × landfill × classification)
  [133/175] total=   3  new_rows=  3  ETA= 1.0 min  (UAV × landfill × segmentation)
  [134/175] total=  17  new_rows= 17  ETA= 0.9 min  (UAV × landfill × mapping)
  [135/175] total=  68  new_rows= 68  ETA= 0.9 min  (UAV × landfill × monitoring)
  [136/175] total=   4  new_rows=  4  ETA= 0.9 min  (UAV × dumping site × detection)
  [137/175] total=   1  new_rows=  1  ETA= 0.9 min  (UAV × dumping site × classification)
  [138/175] total=   0  new_rows=  0  ETA= 0.9 min  (UAV × dumping site × segmentation)
  [139/175] total=   0  new_rows=  0  ETA= 0.8 min  (UAV × dumping site × mapping)
  [140/175] total=   1  new_rows=  1  ETA= 0.8 min  (UAV × dumping site × monitoring)
  [141/175] total=  39  new_rows= 39  ETA= 0.8 min  (UAV × solid waste × detection)
  [142/175] total=   7  new_rows=  7  ETA= 0.8 min  (UAV × solid waste × classification)
  [143/175] total=   7  new_rows=  7  ETA= 0.7 min  (UAV × solid waste × segmentation)
  [144/175] total=  17  new_rows= 17  ETA= 0.7 min  (UAV × solid waste × mapping)
  [145/175] total=  50  new_rows= 50  ETA= 0.7 min  (UAV × solid waste × monitoring)
  [146/175] total=  23  new_rows= 23  ETA= 0.7 min  (UAV × waste detection × detection)
  [147/175] total=   2  new_rows=  2  ETA= 0.6 min  (UAV × waste detection × classification)
  [148/175] total=   7  new_rows=  7  ETA= 0.6 min  (UAV × waste detection × segmentation)
  [149/175] total=   4  new_rows=  4  ETA= 0.6 min  (UAV × waste detection × mapping)
  [150/175] total=  12  new_rows= 12  ETA= 0.6 min  (UAV × waste detection × monitoring)
  [151/175] total=   1  new_rows=  1  ETA= 0.5 min  (VHR × illegal waste × detection)
  [152/175] total=   0  new_rows=  0  ETA= 0.5 min  (VHR × illegal waste × classification)
  [153/175] total=   0  new_rows=  0  ETA= 0.5 min  (VHR × illegal waste × segmentation)
  [154/175] total=   0  new_rows=  0  ETA= 0.5 min  (VHR × illegal waste × mapping)
  [155/175] total=   0  new_rows=  0  ETA= 0.5 min  (VHR × illegal waste × monitoring)
  [156/175] total=   0  new_rows=  0  ETA= 0.4 min  (VHR × landfill × detection)
  [157/175] total=   0  new_rows=  0  ETA= 0.4 min  (VHR × landfill × classification)
  [158/175] total=   0  new_rows=  0  ETA= 0.4 min  (VHR × landfill × segmentation)
  [159/175] total=   0  new_rows=  0  ETA= 0.4 min  (VHR × landfill × mapping)
  [160/175] total=   0  new_rows=  0  ETA= 0.3 min  (VHR × landfill × monitoring)
  [161/175] total=   1  new_rows=  1  ETA= 0.3 min  (VHR × dumping site × detection)
  [162/175] total=   0  new_rows=  0  ETA= 0.3 min  (VHR × dumping site × classification)
  [163/175] total=   0  new_rows=  0  ETA= 0.3 min  (VHR × dumping site × segmentation)
  [164/175] total=   0  new_rows=  0  ETA= 0.2 min  (VHR × dumping site × mapping)
  [165/175] total=   0  new_rows=  0  ETA= 0.2 min  (VHR × dumping site × monitoring)
  [166/175] total=   2  new_rows=  2  ETA= 0.2 min  (VHR × solid waste × detection)
  [167/175] total=   1  new_rows=  1  ETA= 0.2 min  (VHR × solid waste × classification)
  [168/175] total=   1  new_rows=  1  ETA= 0.2 min  (VHR × solid waste × segmentation)
  [169/175] total=   0  new_rows=  0  ETA= 0.1 min  (VHR × solid waste × mapping)
  [170/175] total=   1  new_rows=  1  ETA= 0.1 min  (VHR × solid waste × monitoring)
  [171/175] total=   3  new_rows=  3  ETA= 0.1 min  (VHR × waste detection × detection)
  [172/175] total=   1  new_rows=  1  ETA= 0.1 min  (VHR × waste detection × classification)
  [173/175] total=   1  new_rows=  1  ETA= 0.0 min  (VHR × waste detection × segmentation)
  [174/175] total=   0  new_rows=  0  ETA= 0.0 min  (VHR × waste detection × mapping)
  [175/175] total=   0  new_rows=  0  ETA= 0.0 min  (VHR × waste detection × monitoring)

[waste] saved 1924 raw rows → literature_search/waste_raw.json

[waste] 1924 raw → 622 unique papers
[waste] saved → waste_unique.json + waste_unique.csv
[waste] hit-counts per axis (raw rows):
  SOURCE:  {'remote sensing': 909, 'satellite imagery': 358, 'UAV': 308, 'hyperspectral': 169, 'multispectral': 139, 'aerial imagery': 29, 'VHR': 12}
  SUBJECT: {'landfill': 809, 'solid waste': 726, 'waste detection': 211, 'dumping site': 91, 'illegal waste': 87}
  TASK:    {'monitoring': 764, 'detection': 593, 'mapping': 242, 'classification': 233, 'segmentation': 92}
  [  1/175] total=  27  new_rows= 27  ETA= 3.4 min  (remote sensing × asbestos × detection)
  [  2/175] total=  17  new_rows= 17  ETA= 3.7 min  (remote sensing × asbestos × mapping)
  [  3/175] total=  20  new_rows= 20  ETA= 3.6 min  (remote sensing × asbestos × identification)
  [  4/175] total=   0  new_rows=  0  ETA= 3.3 min  (remote sensing × asbestos × spectral signature)
  [  5/175] total=  25  new_rows= 25  ETA= 3.3 min  (remote sensing × asbestos × classification)
  [  6/175] total=  13  new_rows= 13  ETA= 3.2 min  (remote sensing × asbestos cement × detection)
  [  7/175] total=   9  new_rows=  9  ETA= 3.2 min  (remote sensing × asbestos cement × mapping)
  [  8/175] total=   9  new_rows=  9  ETA= 3.1 min  (remote sensing × asbestos cement × identification)
  [  9/175] total=   0  new_rows=  0  ETA= 3.1 min  (remote sensing × asbestos cement × spectral signature)
  [ 10/175] total=  12  new_rows= 12  ETA= 3.1 min  (remote sensing × asbestos cement × classification)
  [ 11/175] total=   4  new_rows=  4  ETA= 3.0 min  (remote sensing × asbestos roof × detection)
  [ 12/175] total=   3  new_rows=  3  ETA= 3.0 min  (remote sensing × asbestos roof × mapping)
  [ 13/175] total=   5  new_rows=  5  ETA= 2.9 min  (remote sensing × asbestos roof × identification)
  [ 14/175] total=   0  new_rows=  0  ETA= 2.8 min  (remote sensing × asbestos roof × spectral signature)
  [ 15/175] total=   4  new_rows=  4  ETA= 2.8 min  (remote sensing × asbestos roof × classification)
  [ 16/175] total=   0  new_rows=  0  ETA= 2.7 min  (remote sensing × cemento amianto × detection)
  [ 17/175] total=   0  new_rows=  0  ETA= 2.7 min  (remote sensing × cemento amianto × mapping)
  [ 18/175] total=   0  new_rows=  0  ETA= 2.6 min  (remote sensing × cemento amianto × identification)
  [ 19/175] total=   0  new_rows=  0  ETA= 2.6 min  (remote sensing × cemento amianto × spectral signature)
  [ 20/175] total=   0  new_rows=  0  ETA= 2.5 min  (remote sensing × cemento amianto × classification)
  [ 21/175] total=   0  new_rows=  0  ETA= 2.5 min  (remote sensing × eternit × detection)
  [ 22/175] total=   0  new_rows=  0  ETA= 2.5 min  (remote sensing × eternit × mapping)
  [ 23/175] total=   0  new_rows=  0  ETA= 2.4 min  (remote sensing × eternit × identification)
  [ 24/175] total=   0  new_rows=  0  ETA= 2.4 min  (remote sensing × eternit × spectral signature)
  [ 25/175] total=   0  new_rows=  0  ETA= 2.3 min  (remote sensing × eternit × classification)
  [ 26/175] total=   7  new_rows=  7  ETA= 2.3 min  (satellite imagery × asbestos × detection)
  [ 27/175] total=   7  new_rows=  7  ETA= 2.3 min  (satellite imagery × asbestos × mapping)
  [ 28/175] total=   6  new_rows=  6  ETA= 2.3 min  (satellite imagery × asbestos × identification)
  [ 29/175] total=   0  new_rows=  0  ETA= 2.3 min  (satellite imagery × asbestos × spectral signature)
  [ 30/175] total=   8  new_rows=  8  ETA= 2.3 min  (satellite imagery × asbestos × classification)
  [ 31/175] total=   6  new_rows=  6  ETA= 2.2 min  (satellite imagery × asbestos cement × detection)
  [ 32/175] total=   3  new_rows=  3  ETA= 2.2 min  (satellite imagery × asbestos cement × mapping)
  [ 33/175] total=   3  new_rows=  3  ETA= 2.2 min  (satellite imagery × asbestos cement × identification)
  [ 34/175] total=   0  new_rows=  0  ETA= 2.2 min  (satellite imagery × asbestos cement × spectral signature)
  [ 35/175] total=   5  new_rows=  5  ETA= 2.2 min  (satellite imagery × asbestos cement × classification)
  [ 36/175] total=   1  new_rows=  1  ETA= 2.1 min  (satellite imagery × asbestos roof × detection)
  [ 37/175] total=   1  new_rows=  1  ETA= 2.1 min  (satellite imagery × asbestos roof × mapping)
  [ 38/175] total=   2  new_rows=  2  ETA= 2.1 min  (satellite imagery × asbestos roof × identification)
  [ 39/175] total=   0  new_rows=  0  ETA= 2.1 min  (satellite imagery × asbestos roof × spectral signature)
  [ 40/175] total=   2  new_rows=  2  ETA= 2.1 min  (satellite imagery × asbestos roof × classification)
  [ 41/175] total=   0  new_rows=  0  ETA= 2.0 min  (satellite imagery × cemento amianto × detection)
  [ 42/175] total=   0  new_rows=  0  ETA= 2.0 min  (satellite imagery × cemento amianto × mapping)
  [ 43/175] total=   0  new_rows=  0  ETA= 2.0 min  (satellite imagery × cemento amianto × identification)
  [ 44/175] total=   0  new_rows=  0  ETA= 2.0 min  (satellite imagery × cemento amianto × spectral signature)
  [ 45/175] total=   0  new_rows=  0  ETA= 2.0 min  (satellite imagery × cemento amianto × classification)
  [ 46/175] total=   0  new_rows=  0  ETA= 1.9 min  (satellite imagery × eternit × detection)
  [ 47/175] total=   0  new_rows=  0  ETA= 1.9 min  (satellite imagery × eternit × mapping)
  [ 48/175] total=   0  new_rows=  0  ETA= 1.9 min  (satellite imagery × eternit × identification)
  [ 49/175] total=   0  new_rows=  0  ETA= 1.9 min  (satellite imagery × eternit × spectral signature)
  [ 50/175] total=   0  new_rows=  0  ETA= 1.8 min  (satellite imagery × eternit × classification)
  [ 51/175] total=   4  new_rows=  4  ETA= 1.8 min  (aerial imagery × asbestos × detection)
  [ 52/175] total=   0  new_rows=  0  ETA= 1.8 min  (aerial imagery × asbestos × mapping)
  [ 53/175] total=   4  new_rows=  4  ETA= 1.8 min  (aerial imagery × asbestos × identification)
  [ 54/175] total=   0  new_rows=  0  ETA= 1.8 min  (aerial imagery × asbestos × spectral signature)
  [ 55/175] total=   5  new_rows=  5  ETA= 1.8 min  (aerial imagery × asbestos × classification)
  [ 56/175] total=   3  new_rows=  3  ETA= 1.8 min  (aerial imagery × asbestos cement × detection)
  [ 57/175] total=   0  new_rows=  0  ETA= 1.8 min  (aerial imagery × asbestos cement × mapping)
  [ 58/175] total=   3  new_rows=  3  ETA= 1.7 min  (aerial imagery × asbestos cement × identification)
  [ 59/175] total=   0  new_rows=  0  ETA= 1.7 min  (aerial imagery × asbestos cement × spectral signature)
  [ 60/175] total=   3  new_rows=  3  ETA= 1.7 min  (aerial imagery × asbestos cement × classification)
  [ 61/175] total=   0  new_rows=  0  ETA= 1.7 min  (aerial imagery × asbestos roof × detection)
  [ 62/175] total=   0  new_rows=  0  ETA= 1.7 min  (aerial imagery × asbestos roof × mapping)
  [ 63/175] total=   0  new_rows=  0  ETA= 1.7 min  (aerial imagery × asbestos roof × identification)
  [ 64/175] total=   0  new_rows=  0  ETA= 1.6 min  (aerial imagery × asbestos roof × spectral signature)
  [ 65/175] total=   0  new_rows=  0  ETA= 1.6 min  (aerial imagery × asbestos roof × classification)
  [ 66/175] total=   0  new_rows=  0  ETA= 1.6 min  (aerial imagery × cemento amianto × detection)
  [ 67/175] total=   0  new_rows=  0  ETA= 1.6 min  (aerial imagery × cemento amianto × mapping)
  [ 68/175] total=   0  new_rows=  0  ETA= 1.6 min  (aerial imagery × cemento amianto × identification)
  [ 69/175] total=   0  new_rows=  0  ETA= 1.5 min  (aerial imagery × cemento amianto × spectral signature)
  [ 70/175] total=   0  new_rows=  0  ETA= 1.5 min  (aerial imagery × cemento amianto × classification)
  [ 71/175] total=   0  new_rows=  0  ETA= 1.5 min  (aerial imagery × eternit × detection)
  [ 72/175] total=   0  new_rows=  0  ETA= 1.5 min  (aerial imagery × eternit × mapping)
  [ 73/175] total=   0  new_rows=  0  ETA= 1.5 min  (aerial imagery × eternit × identification)
  [ 74/175] total=   0  new_rows=  0  ETA= 1.5 min  (aerial imagery × eternit × spectral signature)
  [ 75/175] total=   0  new_rows=  0  ETA= 1.5 min  (aerial imagery × eternit × classification)
  [ 76/175] total=   9  new_rows=  9  ETA= 1.5 min  (multispectral × asbestos × detection)
  [ 77/175] total=   6  new_rows=  6  ETA= 1.5 min  (multispectral × asbestos × mapping)
  [ 78/175] total=   8  new_rows=  8  ETA= 1.4 min  (multispectral × asbestos × identification)
  [ 79/175] total=   1  new_rows=  1  ETA= 1.4 min  (multispectral × asbestos × spectral signature)
  [ 80/175] total=  11  new_rows= 11  ETA= 1.4 min  (multispectral × asbestos × classification)
  [ 81/175] total=   2  new_rows=  2  ETA= 1.4 min  (multispectral × asbestos cement × detection)
  [ 82/175] total=   4  new_rows=  4  ETA= 1.4 min  (multispectral × asbestos cement × mapping)
  [ 83/175] total=   3  new_rows=  3  ETA= 1.4 min  (multispectral × asbestos cement × identification)
  [ 84/175] total=   0  new_rows=  0  ETA= 1.4 min  (multispectral × asbestos cement × spectral signature)
  [ 85/175] total=   5  new_rows=  5  ETA= 1.4 min  (multispectral × asbestos cement × classification)
  [ 86/175] total=   0  new_rows=  0  ETA= 1.3 min  (multispectral × asbestos roof × detection)
  [ 87/175] total=   1  new_rows=  1  ETA= 1.3 min  (multispectral × asbestos roof × mapping)
  [ 88/175] total=   1  new_rows=  1  ETA= 1.3 min  (multispectral × asbestos roof × identification)
  [ 89/175] total=   0  new_rows=  0  ETA= 1.3 min  (multispectral × asbestos roof × spectral signature)
  [ 90/175] total=   1  new_rows=  1  ETA= 1.3 min  (multispectral × asbestos roof × classification)
  [ 91/175] total=   0  new_rows=  0  ETA= 1.3 min  (multispectral × cemento amianto × detection)
  [ 92/175] total=   0  new_rows=  0  ETA= 1.2 min  (multispectral × cemento amianto × mapping)
  [ 93/175] total=   0  new_rows=  0  ETA= 1.2 min  (multispectral × cemento amianto × identification)
  [ 94/175] total=   0  new_rows=  0  ETA= 1.2 min  (multispectral × cemento amianto × spectral signature)
  [ 95/175] total=   0  new_rows=  0  ETA= 1.2 min  (multispectral × cemento amianto × classification)
  [ 96/175] total=   0  new_rows=  0  ETA= 1.2 min  (multispectral × eternit × detection)
  [ 97/175] total=   0  new_rows=  0  ETA= 1.2 min  (multispectral × eternit × mapping)
  [ 98/175] total=   0  new_rows=  0  ETA= 1.1 min  (multispectral × eternit × identification)
  [ 99/175] total=   0  new_rows=  0  ETA= 1.1 min  (multispectral × eternit × spectral signature)
  [100/175] total=   0  new_rows=  0  ETA= 1.1 min  (multispectral × eternit × classification)
  [101/175] total=  27  new_rows= 27  ETA= 1.1 min  (hyperspectral × asbestos × detection)
  [102/175] total=  11  new_rows= 11  ETA= 1.1 min  (hyperspectral × asbestos × mapping)
  [103/175] total=  21  new_rows= 21  ETA= 1.1 min  (hyperspectral × asbestos × identification)
  [104/175] total=   3  new_rows=  3  ETA= 1.1 min  (hyperspectral × asbestos × spectral signature)
  [105/175] total=  25  new_rows= 25  ETA= 1.1 min  (hyperspectral × asbestos × classification)
  [106/175] total=  10  new_rows= 10  ETA= 1.1 min  (hyperspectral × asbestos cement × detection)
  [107/175] total=   7  new_rows=  7  ETA= 1.0 min  (hyperspectral × asbestos cement × mapping)
  [108/175] total=   9  new_rows=  9  ETA= 1.0 min  (hyperspectral × asbestos cement × identification)
  [109/175] total=   0  new_rows=  0  ETA= 1.0 min  (hyperspectral × asbestos cement × spectral signature)
  [110/175] total=  13  new_rows= 13  ETA= 1.0 min  (hyperspectral × asbestos cement × classification)
  [111/175] total=   2  new_rows=  2  ETA= 1.0 min  (hyperspectral × asbestos roof × detection)
  [112/175] total=   2  new_rows=  2  ETA= 1.0 min  (hyperspectral × asbestos roof × mapping)
  [113/175] total=   4  new_rows=  4  ETA= 0.9 min  (hyperspectral × asbestos roof × identification)
  [114/175] total=   0  new_rows=  0  ETA= 0.9 min  (hyperspectral × asbestos roof × spectral signature)
  [115/175] total=   3  new_rows=  3  ETA= 0.9 min  (hyperspectral × asbestos roof × classification)
  [116/175] total=   0  new_rows=  0  ETA= 0.9 min  (hyperspectral × cemento amianto × detection)
  [117/175] total=   0  new_rows=  0  ETA= 0.9 min  (hyperspectral × cemento amianto × mapping)
  [118/175] total=   0  new_rows=  0  ETA= 0.9 min  (hyperspectral × cemento amianto × identification)
  [119/175] total=   0  new_rows=  0  ETA= 0.9 min  (hyperspectral × cemento amianto × spectral signature)
  [120/175] total=   0  new_rows=  0  ETA= 0.8 min  (hyperspectral × cemento amianto × classification)
  [121/175] total=   0  new_rows=  0  ETA= 0.8 min  (hyperspectral × eternit × detection)
  [122/175] total=   0  new_rows=  0  ETA= 0.8 min  (hyperspectral × eternit × mapping)
  [123/175] total=   0  new_rows=  0  ETA= 0.8 min  (hyperspectral × eternit × identification)
  [124/175] total=   0  new_rows=  0  ETA= 0.8 min  (hyperspectral × eternit × spectral signature)
  [125/175] total=   0  new_rows=  0  ETA= 0.8 min  (hyperspectral × eternit × classification)
  [126/175] total=   1  new_rows=  1  ETA= 0.7 min  (UAV × asbestos × detection)
  [127/175] total=   0  new_rows=  0  ETA= 0.7 min  (UAV × asbestos × mapping)
  [128/175] total=   0  new_rows=  0  ETA= 0.7 min  (UAV × asbestos × identification)
  [129/175] total=   0  new_rows=  0  ETA= 0.7 min  (UAV × asbestos × spectral signature)
  [130/175] total=   0  new_rows=  0  ETA= 0.7 min  (UAV × asbestos × classification)
  [131/175] total=   1  new_rows=  1  ETA= 0.7 min  (UAV × asbestos cement × detection)
  [132/175] total=   0  new_rows=  0  ETA= 0.6 min  (UAV × asbestos cement × mapping)
  [133/175] total=   0  new_rows=  0  ETA= 0.6 min  (UAV × asbestos cement × identification)
  [134/175] total=   0  new_rows=  0  ETA= 0.6 min  (UAV × asbestos cement × spectral signature)
  [135/175] total=   0  new_rows=  0  ETA= 0.6 min  (UAV × asbestos cement × classification)
  [136/175] total=   0  new_rows=  0  ETA= 0.6 min  (UAV × asbestos roof × detection)
  [137/175] total=   0  new_rows=  0  ETA= 0.6 min  (UAV × asbestos roof × mapping)
  [138/175] total=   0  new_rows=  0  ETA= 0.6 min  (UAV × asbestos roof × identification)
  [139/175] total=   0  new_rows=  0  ETA= 0.5 min  (UAV × asbestos roof × spectral signature)
  [140/175] total=   0  new_rows=  0  ETA= 0.5 min  (UAV × asbestos roof × classification)
  [141/175] total=   0  new_rows=  0  ETA= 0.5 min  (UAV × cemento amianto × detection)
  [142/175] total=   0  new_rows=  0  ETA= 0.5 min  (UAV × cemento amianto × mapping)
  [143/175] total=   0  new_rows=  0  ETA= 0.5 min  (UAV × cemento amianto × identification)
  [144/175] total=   0  new_rows=  0  ETA= 0.5 min  (UAV × cemento amianto × spectral signature)
  [145/175] total=   0  new_rows=  0  ETA= 0.5 min  (UAV × cemento amianto × classification)
  [146/175] total=   0  new_rows=  0  ETA= 0.4 min  (UAV × eternit × detection)
  [147/175] total=   0  new_rows=  0  ETA= 0.4 min  (UAV × eternit × mapping)
  [148/175] total=   0  new_rows=  0  ETA= 0.4 min  (UAV × eternit × identification)
  [149/175] total=   0  new_rows=  0  ETA= 0.4 min  (UAV × eternit × spectral signature)
  [150/175] total=   0  new_rows=  0  ETA= 0.4 min  (UAV × eternit × classification)
  [151/175] total=   1  new_rows=  1  ETA= 0.4 min  (VHR × asbestos × detection)
  [152/175] total=   0  new_rows=  0  ETA= 0.4 min  (VHR × asbestos × mapping)
  [153/175] total=   0  new_rows=  0  ETA= 0.3 min  (VHR × asbestos × identification)
  [154/175] total=   0  new_rows=  0  ETA= 0.3 min  (VHR × asbestos × spectral signature)
  [155/175] total=   1  new_rows=  1  ETA= 0.3 min  (VHR × asbestos × classification)
  [156/175] total=   0  new_rows=  0  ETA= 0.3 min  (VHR × asbestos cement × detection)
  [157/175] total=   0  new_rows=  0  ETA= 0.3 min  (VHR × asbestos cement × mapping)
  [158/175] total=   0  new_rows=  0  ETA= 0.3 min  (VHR × asbestos cement × identification)
  [159/175] total=   0  new_rows=  0  ETA= 0.3 min  (VHR × asbestos cement × spectral signature)
  [160/175] total=   0  new_rows=  0  ETA= 0.2 min  (VHR × asbestos cement × classification)
  [161/175] total=   0  new_rows=  0  ETA= 0.2 min  (VHR × asbestos roof × detection)
  [162/175] total=   0  new_rows=  0  ETA= 0.2 min  (VHR × asbestos roof × mapping)
  [163/175] total=   0  new_rows=  0  ETA= 0.2 min  (VHR × asbestos roof × identification)
  [164/175] total=   0  new_rows=  0  ETA= 0.2 min  (VHR × asbestos roof × spectral signature)
  [165/175] total=   0  new_rows=  0  ETA= 0.2 min  (VHR × asbestos roof × classification)
  [166/175] total=   0  new_rows=  0  ETA= 0.1 min  (VHR × cemento amianto × detection)
  [167/175] total=   0  new_rows=  0  ETA= 0.1 min  (VHR × cemento amianto × mapping)
  [168/175] total=   0  new_rows=  0  ETA= 0.1 min  (VHR × cemento amianto × identification)
  [169/175] total=   0  new_rows=  0  ETA= 0.1 min  (VHR × cemento amianto × spectral signature)
  [170/175] total=   0  new_rows=  0  ETA= 0.1 min  (VHR × cemento amianto × classification)
  [171/175] total=   0  new_rows=  0  ETA= 0.1 min  (VHR × eternit × detection)
  [172/175] total=   0  new_rows=  0  ETA= 0.0 min  (VHR × eternit × mapping)
  [173/175] total=   0  new_rows=  0  ETA= 0.0 min  (VHR × eternit × identification)
  [174/175] total=   0  new_rows=  0  ETA= 0.0 min  (VHR × eternit × spectral signature)
  [175/175] total=   0  new_rows=  0  ETA= 0.0 min  (VHR × eternit × classification)

[asbestos] saved 414 raw rows → literature_search/asbestos_raw.json

[asbestos] 414 raw → 77 unique papers
[asbestos] saved → asbestos_unique.json + asbestos_unique.csv
[asbestos] hit-counts per axis (raw rows):
  SOURCE:  {'remote sensing': 148, 'hyperspectral': 137, 'multispectral': 52, 'satellite imagery': 51, 'aerial imagery': 22, 'UAV': 2, 'VHR': 2}
  SUBJECT: {'asbestos': 255, 'asbestos cement': 123, 'asbestos roof': 36}
  TASK:    {'classification': 123, 'detection': 118, 'identification': 98, 'mapping': 71, 'spectral signature': 4}

[combined] 699 rows across 2 topic(s) → combined_unique.csv
